<?xml version="1.0" encoding="UTF-8"?>
<!-- Generated by org.testng.reporters.JUnitReportReporter -->
<testsuite skipped="1" hostname="LAPTOP-PUOVKL6P" name="day2.GitHub" tests="2" failures="0" timestamp="08 Oct 2021 09:51:00 GMT" time="2.658" errors="0">
  <testcase name="createRepositories" time="2.658" classname="day2.GitHub"/>
  <testcase name="gettingAllRepositories" classname="day2.GitHub">
    <skipped/>
  </testcase> <!-- gettingAllRepositories -->
</testsuite> <!-- day2.GitHub -->
