<?xml version="1.0" encoding="UTF-8"?>
<!-- Generated by org.testng.reporters.JUnitReportReporter -->
<testsuite skipped="1" hostname="LAPTOP-PUOVKL6P" name="day2.NegativeContactListTest" tests="5" failures="0" timestamp="11 Oct 2021 04:13:08 GMT" time="3.994" errors="0">
  <testcase name="addingContactMissing" time="0.435" classname="day2.NegativeContactListTest"/>
  <testcase name="invalidFirstName" time="0.475" classname="day2.NegativeContactListTest"/>
  <testcase name="addingContactBigSize" time="2.641" classname="day2.NegativeContactListTest"/>
  <testcase name="invalidEmail" time="0.443" classname="day2.NegativeContactListTest"/>
  <testcase name="recordNotFound" classname="day2.NegativeContactListTest">
    <skipped/>
  </testcase> <!-- recordNotFound -->
</testsuite> <!-- day2.NegativeContactListTest -->
