<?xml version="1.0" encoding="UTF-8"?>
<!-- Generated by org.testng.reporters.JUnitReportReporter -->
<testsuite skipped="2" hostname="LAPTOP-PUOVKL6P" name="day1.WeatherAPI" tests="4" failures="0" timestamp="07 Oct 2021 13:27:13 GMT" time="2.942" errors="0">
  <testcase name="getWeather2" time="0.772" classname="day1.WeatherAPI"/>
  <testcase name="getWeather" time="2.170" classname="day1.WeatherAPI"/>
  <testcase name="getWeather4" classname="day1.WeatherAPI">
    <skipped/>
  </testcase> <!-- getWeather4 -->
  <testcase name="getWeather3" classname="day1.WeatherAPI">
    <skipped/>
  </testcase> <!-- getWeather3 -->
</testsuite> <!-- day1.WeatherAPI -->
