<?xml version="1.0" encoding="UTF-8"?>
<!-- Generated by org.testng.reporters.JUnitReportReporter -->
<testsuite skipped="2" hostname="LAPTOP-PUOVKL6P" name="day2.PositiveContactListTest" tests="6" failures="0" timestamp="08 Oct 2021 06:35:11 GMT" time="5.063" errors="0">
  <testcase name="AddContact" time="3.639" classname="day2.PositiveContactListTest"/>
  <testcase name="updateContact" time="0.467" classname="day2.PositiveContactListTest"/>
  <testcase name="getSpecificContact2" time="0.466" classname="day2.PositiveContactListTest"/>
  <testcase name="deleteContact" time="0.491" classname="day2.PositiveContactListTest"/>
  <testcase name="getContactListInfo" classname="day2.PositiveContactListTest">
    <skipped/>
  </testcase> <!-- getContactListInfo -->
  <testcase name="getSpecificContact" classname="day2.PositiveContactListTest">
    <skipped/>
  </testcase> <!-- getSpecificContact -->
</testsuite> <!-- day2.PositiveContactListTest -->
